Пт апр 26 12:02:42 MSK 2019 restart extractip.py
Пт апр 26 12:04:01 MSK 2019 restart extractip.py
Пт апр 26 12:05:01 MSK 2019 restart extractip.py
Пт апр 26 12:06:01 MSK 2019 restart extractip.py
Пт апр 26 14:35:01 MSK 2019 restart extractip.py
Пт апр 26 14:38:01 MSK 2019 restart extractip.py
Пт апр 26 14:39:01 MSK 2019 restart extractip.py
Пт апр 26 14:40:01 MSK 2019 restart extractip.py
Пт апр 26 14:41:02 MSK 2019 kill extractip.py
Пт апр 26 14:59:01 MSK 2019 restart extractip.py
Пт апр 26 15:00:01 MSK 2019 kill extractip.py
Пн апр 29 12:16:01 MSK 2019 kill extractip.py
Пн апр 29 12:17:01 MSK 2019 restart extractip.py
Пн апр 29 12:18:01 MSK 2019 kill extractip.py
Пн апр 29 13:53:01 MSK 2019 kill extractip.py
Пн апр 29 14:59:01 MSK 2019 kill extractip.py
Пн апр 29 15:01:01 MSK 2019 kill extractip.py
Пн апр 29 15:02:01 MSK 2019 kill extractip.py
Пн апр 29 15:03:01 MSK 2019 kill extractip.py
Пн апр 29 15:12:02 MSK 2019 kill extractip.py
Пн апр 29 15:13:01 MSK 2019 kill extractip.py
Пн апр 29 15:14:01 MSK 2019 kill extractip.py
Вт май  7 18:29:01 MSK 2019 kill extractip.py
Чт май 16 13:37:12 MSK 2019 restart extractip.py
Чт май 16 13:37:12 MSK 2019 restart recognizeip.py
Чт май 16 14:06:01 MSK 2019 restart extractip.py
Чт май 16 14:06:02 MSK 2019 restart recognizeip.py
Чт май 16 14:30:01 MSK 2019 restart extractip.py
Чт май 16 14:30:01 MSK 2019 restart recognizeip.py
Чт май 16 14:31:01 MSK 2019 restart extractip.py
Чт май 16 14:31:01 MSK 2019 restart recognizeip.py
Чт май 16 14:37:01 MSK 2019 restart recognizeip.py
Чт май 16 14:38:01 MSK 2019 restart extractip.py
Чт май 16 14:38:01 MSK 2019 restart recognizeip.py
Чт май 16 15:19:44 MSK 2019 restart extractip.py
Чт май 16 15:19:44 MSK 2019 restart recognizeip.py
17 май 2019 г. 13:44:20 restart extractip.py
17 май 2019 г. 13:44:20 restart recognizeip.py
