Пт апр 26 14:39:01 MSK 2019 restart server.py
Пт апр 26 14:40:01 MSK 2019 restart server.py
Пт апр 26 14:41:02 MSK 2019 kill server.py
Пт апр 26 14:59:01 MSK 2019 restart server.py
Пт апр 26 15:00:01 MSK 2019 kill server.py
Пн апр 29 12:16:01 MSK 2019 kill server.py
Пн апр 29 12:17:01 MSK 2019 restart server.py
Пн апр 29 12:18:01 MSK 2019 kill server.py
Пн апр 29 13:53:01 MSK 2019 kill server.py
Пн апр 29 14:59:01 MSK 2019 kill server.py
Пн апр 29 15:01:01 MSK 2019 kill server.py
Пн апр 29 15:02:01 MSK 2019 kill server.py
Пн апр 29 15:03:01 MSK 2019 kill server.py
Пн апр 29 15:12:02 MSK 2019 kill server.py
Пн апр 29 15:13:01 MSK 2019 kill server.py
Пн апр 29 15:14:01 MSK 2019 kill server.py
Вт май  7 18:29:01 MSK 2019 kill server.py
Чт май 16 14:06:02 MSK 2019 restart server.py
Чт май 16 14:30:01 MSK 2019 restart server.py
Чт май 16 15:19:44 MSK 2019 restart server.py
Вт июн 11 14:41:32 MSK 2019 restart server.py
Вт июн 11 14:43:25 MSK 2019 restart server.py
Вт июн 11 15:19:10 MSK 2019 restart server.py
